<?xml version="1.0" encoding="UTF-8"?>
<!-- Generated by org.testng.reporters.JUnitReportReporter -->
<testsuite hostname="surya" failures="0" tests="1" name="testCases.TC_001_AccountRegisteration_Test" time="1.895" errors="0" timestamp="2023-12-16T15:59:45 IST" skipped="0">
  <testcase classname="testCases.TC_001_AccountRegisteration_Test" name="test_Account_Registeration" time="1.895"/>
  <system-out/>
</testsuite> <!-- testCases.TC_001_AccountRegisteration_Test -->
