<?xml version="1.0" encoding="UTF-8"?>
<!-- Generated by org.testng.reporters.JUnitReportReporter -->
<testsuite hostname="surya" failures="0" tests="1" name="testCases.TC_002_LoginTest" time="1.616" errors="0" timestamp="2023-12-16T15:59:45 IST" skipped="0">
  <testcase classname="testCases.TC_002_LoginTest" name="test_login" time="1.616"/>
  <system-out/>
</testsuite> <!-- testCases.TC_002_LoginTest -->
