<?xml version="1.0" encoding="UTF-8"?>
<!-- Generated by org.testng.reporters.JUnitReportReporter -->
<testsuite hostname="surya" failures="0" tests="1" name="testCases.TC_001_AccountRegisteration_Test" time="2.204" errors="0" timestamp="2023-12-16T19:28:17 IST" skipped="0">
  <testcase classname="testCases.TC_001_AccountRegisteration_Test" name="test_Account_Registeration" time="2.204"/>
</testsuite> <!-- testCases.TC_001_AccountRegisteration_Test -->
